[1.167s] Invoking command in '/home/determ/MultiCameraMakerTracking/ros2_ws/build/multi_camera_robot_nav': PYTHONPATH=/home/determ/MultiCameraMakerTracking/ros2_ws/build/multi_camera_robot_nav/prefix_override:/usr/lib/python3/dist-packages/colcon_core/task/python/colcon_distutils_commands:/home/determ/MultiCameraMakerTracking/ros2_ws/install/multi_camera_robot_nav/lib/python3.10/site-packages:${PYTHONPATH} /usr/bin/python3 -W ignore:setup.py install is deprecated -W ignore:easy_install command is deprecated setup.py develop --editable --build-directory /home/determ/MultiCameraMakerTracking/ros2_ws/build/multi_camera_robot_nav/build --no-deps symlink_data --force
[1.653s] running develop
[1.949s] running egg_info
[1.950s] writing multi_camera_robot_nav.egg-info/PKG-INFO
[1.950s] writing dependency_links to multi_camera_robot_nav.egg-info/dependency_links.txt
[1.950s] writing entry points to multi_camera_robot_nav.egg-info/entry_points.txt
[1.950s] writing requirements to multi_camera_robot_nav.egg-info/requires.txt
[1.951s] writing top-level names to multi_camera_robot_nav.egg-info/top_level.txt
[1.954s] reading manifest file 'multi_camera_robot_nav.egg-info/SOURCES.txt'
[1.956s] writing manifest file 'multi_camera_robot_nav.egg-info/SOURCES.txt'
[1.959s] running build_ext
[1.959s] Creating /home/determ/MultiCameraMakerTracking/ros2_ws/install/multi_camera_robot_nav/lib/python3.10/site-packages/multi-camera-robot-nav.egg-link (link to .)
[1.961s] Installing marker_tracker_node script to /home/determ/MultiCameraMakerTracking/ros2_ws/install/multi_camera_robot_nav/lib/multi_camera_robot_nav
[1.961s] Installing occupancy_grid_mapper_node script to /home/determ/MultiCameraMakerTracking/ros2_ws/install/multi_camera_robot_nav/lib/multi_camera_robot_nav
[1.961s] Installing point_cloud_stitcher_node script to /home/determ/MultiCameraMakerTracking/ros2_ws/install/multi_camera_robot_nav/lib/multi_camera_robot_nav
[1.962s] Installing simulation_bridge_node script to /home/determ/MultiCameraMakerTracking/ros2_ws/install/multi_camera_robot_nav/lib/multi_camera_robot_nav
[1.962s] Installing tf_broadcaster_node script to /home/determ/MultiCameraMakerTracking/ros2_ws/install/multi_camera_robot_nav/lib/multi_camera_robot_nav
[1.962s] 
[1.962s] Installed /home/determ/MultiCameraMakerTracking/ros2_ws/build/multi_camera_robot_nav
[1.962s] running symlink_data
[1.963s] symbolically linking /home/determ/MultiCameraMakerTracking/ros2_ws/build/multi_camera_robot_nav/resource/multi_camera_robot_nav -> /home/determ/MultiCameraMakerTracking/ros2_ws/install/multi_camera_robot_nav/share/ament_index/resource_index/packages
[1.963s] symbolically linking /home/determ/MultiCameraMakerTracking/ros2_ws/build/multi_camera_robot_nav/package.xml -> /home/determ/MultiCameraMakerTracking/ros2_ws/install/multi_camera_robot_nav/share/multi_camera_robot_nav
[1.963s] symbolically linking /home/determ/MultiCameraMakerTracking/ros2_ws/build/multi_camera_robot_nav/hooks/ament_prefix_path.dsv.in -> /home/determ/MultiCameraMakerTracking/ros2_ws/install/multi_camera_robot_nav/share/multi_camera_robot_nav/hook
[1.963s] symbolically linking /home/determ/MultiCameraMakerTracking/ros2_ws/build/multi_camera_robot_nav/launch/gz_simulation.launch.py -> /home/determ/MultiCameraMakerTracking/ros2_ws/install/multi_camera_robot_nav/share/multi_camera_robot_nav/launch
[1.964s] symbolically linking /home/determ/MultiCameraMakerTracking/ros2_ws/build/multi_camera_robot_nav/launch/mapping.launch.py -> /home/determ/MultiCameraMakerTracking/ros2_ws/install/multi_camera_robot_nav/share/multi_camera_robot_nav/launch
[1.964s] symbolically linking /home/determ/MultiCameraMakerTracking/ros2_ws/build/multi_camera_robot_nav/launch/visualization.launch.py -> /home/determ/MultiCameraMakerTracking/ros2_ws/install/multi_camera_robot_nav/share/multi_camera_robot_nav/launch
[1.964s] symbolically linking /home/determ/MultiCameraMakerTracking/ros2_ws/build/multi_camera_robot_nav/launch/gazebo_simulation.launch.py -> /home/determ/MultiCameraMakerTracking/ros2_ws/install/multi_camera_robot_nav/share/multi_camera_robot_nav/launch
[1.965s] symbolically linking /home/determ/MultiCameraMakerTracking/ros2_ws/build/multi_camera_robot_nav/launch/full_system.launch.py -> /home/determ/MultiCameraMakerTracking/ros2_ws/install/multi_camera_robot_nav/share/multi_camera_robot_nav/launch
[1.965s] symbolically linking /home/determ/MultiCameraMakerTracking/ros2_ws/build/multi_camera_robot_nav/launch/marker_tracking.launch.py -> /home/determ/MultiCameraMakerTracking/ros2_ws/install/multi_camera_robot_nav/share/multi_camera_robot_nav/launch
[1.965s] symbolically linking /home/determ/MultiCameraMakerTracking/ros2_ws/build/multi_camera_robot_nav/launch/navigation.launch.py -> /home/determ/MultiCameraMakerTracking/ros2_ws/install/multi_camera_robot_nav/share/multi_camera_robot_nav/launch
[1.966s] symbolically linking /home/determ/MultiCameraMakerTracking/ros2_ws/build/multi_camera_robot_nav/launch/simulation.launch.py -> /home/determ/MultiCameraMakerTracking/ros2_ws/install/multi_camera_robot_nav/share/multi_camera_robot_nav/launch
[1.966s] symbolically linking /home/determ/MultiCameraMakerTracking/ros2_ws/build/multi_camera_robot_nav/config/nav2_params.yaml -> /home/determ/MultiCameraMakerTracking/ros2_ws/install/multi_camera_robot_nav/share/multi_camera_robot_nav/config
[1.966s] symbolically linking /home/determ/MultiCameraMakerTracking/ros2_ws/build/multi_camera_robot_nav/config/navigation.rviz -> /home/determ/MultiCameraMakerTracking/ros2_ws/install/multi_camera_robot_nav/share/multi_camera_robot_nav/config
[1.966s] symbolically linking /home/determ/MultiCameraMakerTracking/ros2_ws/build/multi_camera_robot_nav/urdf/robot.urdf -> /home/determ/MultiCameraMakerTracking/ros2_ws/install/multi_camera_robot_nav/share/multi_camera_robot_nav/urdf
[1.967s] symbolically linking /home/determ/MultiCameraMakerTracking/ros2_ws/build/multi_camera_robot_nav/worlds/tracking_room.world -> /home/determ/MultiCameraMakerTracking/ros2_ws/install/multi_camera_robot_nav/share/multi_camera_robot_nav/worlds
[1.967s] symbolically linking /home/determ/MultiCameraMakerTracking/ros2_ws/build/multi_camera_robot_nav/worlds/tracking_room.sdf -> /home/determ/MultiCameraMakerTracking/ros2_ws/install/multi_camera_robot_nav/share/multi_camera_robot_nav/worlds
[1.967s] symbolically linking /home/determ/MultiCameraMakerTracking/ros2_ws/build/multi_camera_robot_nav/models/marker_robot/model.sdf -> /home/determ/MultiCameraMakerTracking/ros2_ws/install/multi_camera_robot_nav/share/multi_camera_robot_nav/models/marker_robot
[1.967s] symbolically linking /home/determ/MultiCameraMakerTracking/ros2_ws/build/multi_camera_robot_nav/models/marker_robot/aruco_marker_0.png -> /home/determ/MultiCameraMakerTracking/ros2_ws/install/multi_camera_robot_nav/share/multi_camera_robot_nav/models/marker_robot
[1.967s] symbolically linking /home/determ/MultiCameraMakerTracking/ros2_ws/build/multi_camera_robot_nav/models/marker_robot/model.config -> /home/determ/MultiCameraMakerTracking/ros2_ws/install/multi_camera_robot_nav/share/multi_camera_robot_nav/models/marker_robot
[1.967s] symbolically linking /home/determ/MultiCameraMakerTracking/ros2_ws/build/multi_camera_robot_nav/textures/aruco_marker_0.png -> /home/determ/MultiCameraMakerTracking/ros2_ws/install/multi_camera_robot_nav/share/multi_camera_robot_nav/textures
[2.040s] Invoked command in '/home/determ/MultiCameraMakerTracking/ros2_ws/build/multi_camera_robot_nav' returned '0': PYTHONPATH=/home/determ/MultiCameraMakerTracking/ros2_ws/build/multi_camera_robot_nav/prefix_override:/usr/lib/python3/dist-packages/colcon_core/task/python/colcon_distutils_commands:/home/determ/MultiCameraMakerTracking/ros2_ws/install/multi_camera_robot_nav/lib/python3.10/site-packages:${PYTHONPATH} /usr/bin/python3 -W ignore:setup.py install is deprecated -W ignore:easy_install command is deprecated setup.py develop --editable --build-directory /home/determ/MultiCameraMakerTracking/ros2_ws/build/multi_camera_robot_nav/build --no-deps symlink_data --force
