[1.083s] Invoking command in '/home/determ/MultiCameraMakerTracking/ros2_ws/src/multi_camera_robot_nav': PYTHONPATH=/home/determ/MultiCameraMakerTracking/ros2_ws/build/multi_camera_robot_nav/prefix_override:/usr/lib/python3/dist-packages/colcon_core/task/python/colcon_distutils_commands:/home/determ/MultiCameraMakerTracking/ros2_ws/install/multi_camera_robot_nav/lib/python3.10/site-packages:${PYTHONPATH} /usr/bin/python3 -W ignore:setup.py install is deprecated -W ignore:easy_install command is deprecated setup.py egg_info --egg-base ../../build/multi_camera_robot_nav build --build-base /home/determ/MultiCameraMakerTracking/ros2_ws/build/multi_camera_robot_nav/build install --record /home/determ/MultiCameraMakerTracking/ros2_ws/build/multi_camera_robot_nav/install.log --single-version-externally-managed install_data
[1.526s] running egg_info
[1.527s] writing ../../build/multi_camera_robot_nav/multi_camera_robot_nav.egg-info/PKG-INFO
[1.528s] writing dependency_links to ../../build/multi_camera_robot_nav/multi_camera_robot_nav.egg-info/dependency_links.txt
[1.528s] writing entry points to ../../build/multi_camera_robot_nav/multi_camera_robot_nav.egg-info/entry_points.txt
[1.528s] writing requirements to ../../build/multi_camera_robot_nav/multi_camera_robot_nav.egg-info/requires.txt
[1.529s] writing top-level names to ../../build/multi_camera_robot_nav/multi_camera_robot_nav.egg-info/top_level.txt
[1.532s] reading manifest file '../../build/multi_camera_robot_nav/multi_camera_robot_nav.egg-info/SOURCES.txt'
[1.534s] writing manifest file '../../build/multi_camera_robot_nav/multi_camera_robot_nav.egg-info/SOURCES.txt'
[1.534s] running build
[1.534s] running build_py
[1.536s] running install
[1.536s] running install_lib
[1.539s] running install_data
[1.540s] copying worlds/tracking_room.sdf -> /home/determ/MultiCameraMakerTracking/ros2_ws/install/multi_camera_robot_nav/share/multi_camera_robot_nav/worlds
[1.540s] running install_egg_info
[1.543s] removing '/home/determ/MultiCameraMakerTracking/ros2_ws/install/multi_camera_robot_nav/lib/python3.10/site-packages/multi_camera_robot_nav-0.0.1-py3.10.egg-info' (and everything under it)
[1.544s] Copying ../../build/multi_camera_robot_nav/multi_camera_robot_nav.egg-info to /home/determ/MultiCameraMakerTracking/ros2_ws/install/multi_camera_robot_nav/lib/python3.10/site-packages/multi_camera_robot_nav-0.0.1-py3.10.egg-info
[1.545s] running install_scripts
[1.581s] Installing marker_tracker_node script to /home/determ/MultiCameraMakerTracking/ros2_ws/install/multi_camera_robot_nav/lib/multi_camera_robot_nav
[1.582s] Installing occupancy_grid_mapper_node script to /home/determ/MultiCameraMakerTracking/ros2_ws/install/multi_camera_robot_nav/lib/multi_camera_robot_nav
[1.582s] Installing point_cloud_stitcher_node script to /home/determ/MultiCameraMakerTracking/ros2_ws/install/multi_camera_robot_nav/lib/multi_camera_robot_nav
[1.582s] Installing simulation_bridge_node script to /home/determ/MultiCameraMakerTracking/ros2_ws/install/multi_camera_robot_nav/lib/multi_camera_robot_nav
[1.582s] Installing tf_broadcaster_node script to /home/determ/MultiCameraMakerTracking/ros2_ws/install/multi_camera_robot_nav/lib/multi_camera_robot_nav
[1.583s] writing list of installed files to '/home/determ/MultiCameraMakerTracking/ros2_ws/build/multi_camera_robot_nav/install.log'
[1.636s] Invoked command in '/home/determ/MultiCameraMakerTracking/ros2_ws/src/multi_camera_robot_nav' returned '0': PYTHONPATH=/home/determ/MultiCameraMakerTracking/ros2_ws/build/multi_camera_robot_nav/prefix_override:/usr/lib/python3/dist-packages/colcon_core/task/python/colcon_distutils_commands:/home/determ/MultiCameraMakerTracking/ros2_ws/install/multi_camera_robot_nav/lib/python3.10/site-packages:${PYTHONPATH} /usr/bin/python3 -W ignore:setup.py install is deprecated -W ignore:easy_install command is deprecated setup.py egg_info --egg-base ../../build/multi_camera_robot_nav build --build-base /home/determ/MultiCameraMakerTracking/ros2_ws/build/multi_camera_robot_nav/build install --record /home/determ/MultiCameraMakerTracking/ros2_ws/build/multi_camera_robot_nav/install.log --single-version-externally-managed install_data
