[2.304s] Invoking command in '/home/determ/MultiCameraMakerTracking/ros2_ws/src/multi_camera_robot_nav': PYTHONPATH=/home/determ/MultiCameraMakerTracking/ros2_ws/build/multi_camera_robot_nav/prefix_override:/usr/lib/python3/dist-packages/colcon_core/task/python/colcon_distutils_commands:/home/determ/MultiCameraMakerTracking/ros2_ws/install/multi_camera_robot_nav/lib/python3.10/site-packages:${PYTHONPATH} /usr/bin/python3 -W ignore:setup.py install is deprecated -W ignore:easy_install command is deprecated setup.py egg_info --egg-base ../../build/multi_camera_robot_nav build --build-base /home/determ/MultiCameraMakerTracking/ros2_ws/build/multi_camera_robot_nav/build install --record /home/determ/MultiCameraMakerTracking/ros2_ws/build/multi_camera_robot_nav/install.log --single-version-externally-managed install_data
[2.924s] running egg_info
[2.928s] writing ../../build/multi_camera_robot_nav/multi_camera_robot_nav.egg-info/PKG-INFO
[2.930s] writing dependency_links to ../../build/multi_camera_robot_nav/multi_camera_robot_nav.egg-info/dependency_links.txt
[2.933s] writing entry points to ../../build/multi_camera_robot_nav/multi_camera_robot_nav.egg-info/entry_points.txt
[2.936s] writing requirements to ../../build/multi_camera_robot_nav/multi_camera_robot_nav.egg-info/requires.txt
[2.938s] writing top-level names to ../../build/multi_camera_robot_nav/multi_camera_robot_nav.egg-info/top_level.txt
[2.946s] reading manifest file '../../build/multi_camera_robot_nav/multi_camera_robot_nav.egg-info/SOURCES.txt'
[2.950s] writing manifest file '../../build/multi_camera_robot_nav/multi_camera_robot_nav.egg-info/SOURCES.txt'
[2.952s] running build
[2.953s] running build_py
[2.956s] running install
[2.959s] running install_lib
[2.964s] byte-compiling /home/determ/MultiCameraMakerTracking/ros2_ws/install/multi_camera_robot_nav/lib/python3.10/site-packages/multi_camera_robot_nav/occupancy_grid_mapper_node.py to occupancy_grid_mapper_node.cpython-310.pyc
[2.970s] byte-compiling /home/determ/MultiCameraMakerTracking/ros2_ws/install/multi_camera_robot_nav/lib/python3.10/site-packages/multi_camera_robot_nav/simulation_bridge_node.py to simulation_bridge_node.cpython-310.pyc
[2.974s] byte-compiling /home/determ/MultiCameraMakerTracking/ros2_ws/install/multi_camera_robot_nav/lib/python3.10/site-packages/multi_camera_robot_nav/marker_tracker_node.py to marker_tracker_node.cpython-310.pyc
[2.979s] byte-compiling /home/determ/MultiCameraMakerTracking/ros2_ws/install/multi_camera_robot_nav/lib/python3.10/site-packages/multi_camera_robot_nav/point_cloud_stitcher_node.py to point_cloud_stitcher_node.cpython-310.pyc
[2.985s] byte-compiling /home/determ/MultiCameraMakerTracking/ros2_ws/install/multi_camera_robot_nav/lib/python3.10/site-packages/multi_camera_robot_nav/tf_broadcaster_node.py to tf_broadcaster_node.cpython-310.pyc
[2.988s] byte-compiling /home/determ/MultiCameraMakerTracking/ros2_ws/install/multi_camera_robot_nav/lib/python3.10/site-packages/multi_camera_robot_nav/__init__.py to __init__.cpython-310.pyc
[2.990s] running install_data
[2.993s] running install_egg_info
[2.999s] removing '/home/determ/MultiCameraMakerTracking/ros2_ws/install/multi_camera_robot_nav/lib/python3.10/site-packages/multi_camera_robot_nav-0.0.1-py3.10.egg-info' (and everything under it)
[3.001s] Copying ../../build/multi_camera_robot_nav/multi_camera_robot_nav.egg-info to /home/determ/MultiCameraMakerTracking/ros2_ws/install/multi_camera_robot_nav/lib/python3.10/site-packages/multi_camera_robot_nav-0.0.1-py3.10.egg-info
[3.005s] running install_scripts
[3.081s] Installing marker_tracker_node script to /home/determ/MultiCameraMakerTracking/ros2_ws/install/multi_camera_robot_nav/lib/multi_camera_robot_nav
[3.091s] Installing occupancy_grid_mapper_node script to /home/determ/MultiCameraMakerTracking/ros2_ws/install/multi_camera_robot_nav/lib/multi_camera_robot_nav
[3.094s] Installing point_cloud_stitcher_node script to /home/determ/MultiCameraMakerTracking/ros2_ws/install/multi_camera_robot_nav/lib/multi_camera_robot_nav
[3.097s] Installing simulation_bridge_node script to /home/determ/MultiCameraMakerTracking/ros2_ws/install/multi_camera_robot_nav/lib/multi_camera_robot_nav
[3.100s] Installing tf_broadcaster_node script to /home/determ/MultiCameraMakerTracking/ros2_ws/install/multi_camera_robot_nav/lib/multi_camera_robot_nav
[3.103s] writing list of installed files to '/home/determ/MultiCameraMakerTracking/ros2_ws/build/multi_camera_robot_nav/install.log'
[3.216s] Invoked command in '/home/determ/MultiCameraMakerTracking/ros2_ws/src/multi_camera_robot_nav' returned '0': PYTHONPATH=/home/determ/MultiCameraMakerTracking/ros2_ws/build/multi_camera_robot_nav/prefix_override:/usr/lib/python3/dist-packages/colcon_core/task/python/colcon_distutils_commands:/home/determ/MultiCameraMakerTracking/ros2_ws/install/multi_camera_robot_nav/lib/python3.10/site-packages:${PYTHONPATH} /usr/bin/python3 -W ignore:setup.py install is deprecated -W ignore:easy_install command is deprecated setup.py egg_info --egg-base ../../build/multi_camera_robot_nav build --build-base /home/determ/MultiCameraMakerTracking/ros2_ws/build/multi_camera_robot_nav/build install --record /home/determ/MultiCameraMakerTracking/ros2_ws/build/multi_camera_robot_nav/install.log --single-version-externally-managed install_data
