[0.194s] DEBUG:colcon:Command line arguments: ['/usr/bin/colcon', 'build', '--packages-select', 'multi_camera_robot_nav']
[0.194s] DEBUG:colcon:Parsed command line arguments: Namespace(log_base=None, log_level=None, verb_name='build', build_base='build', install_base='install', merge_install=False, symlink_install=False, test_result_base=None, continue_on_error=False, executor='parallel', parallel_workers=8, event_handlers=None, ignore_user_meta=False, metas=['./colcon.meta'], base_paths=['.'], packages_ignore=None, packages_ignore_regex=None, paths=None, packages_up_to=None, packages_up_to_regex=None, packages_above=None, packages_above_and_dependencies=None, packages_above_depth=None, packages_select_by_dep=None, packages_skip_by_dep=None, packages_skip_up_to=None, packages_select_build_failed=False, packages_skip_build_finished=False, packages_select_test_failures=False, packages_skip_test_passed=False, packages_select=['multi_camera_robot_nav'], packages_skip=None, packages_select_regex=None, packages_skip_regex=None, packages_start=None, packages_end=None, allow_overriding=[], cmake_args=None, cmake_target=None, cmake_target_skip_unavailable=False, cmake_clean_cache=False, cmake_clean_first=False, cmake_force_configure=False, ament_cmake_args=None, catkin_cmake_args=None, catkin_skip_building_tests=False, verb_parser=<colcon_defaults.argument_parser.defaults.DefaultArgumentsDecorator object at 0xffff7e53feb0>, verb_extension=<colcon_core.verb.build.BuildVerb object at 0xffff7e53f3a0>, main=<bound method BuildVerb.main of <colcon_core.verb.build.BuildVerb object at 0xffff7e53f3a0>>)
[0.498s] Level 1:colcon.colcon_core.package_discovery:discover_packages(colcon_meta) check parameters
[0.499s] Level 1:colcon.colcon_core.package_discovery:discover_packages(recursive) check parameters
[0.499s] Level 1:colcon.colcon_core.package_discovery:discover_packages(ignore) check parameters
[0.499s] Level 1:colcon.colcon_core.package_discovery:discover_packages(path) check parameters
[0.499s] Level 1:colcon.colcon_core.package_discovery:discover_packages(colcon_meta) discover
[0.499s] Level 1:colcon.colcon_core.package_discovery:discover_packages(recursive) discover
[0.499s] INFO:colcon.colcon_core.package_discovery:Crawling recursively for packages in '/home/determ/MultiCameraMakerTracking/ros2_ws'
[0.499s] Level 1:colcon.colcon_core.package_identification:_identify(.) by extensions ['ignore', 'ignore_ament_install']
[0.499s] Level 1:colcon.colcon_core.package_identification:_identify(.) by extension 'ignore'
[0.500s] Level 1:colcon.colcon_core.package_identification:_identify(.) by extension 'ignore_ament_install'
[0.500s] Level 1:colcon.colcon_core.package_identification:_identify(.) by extensions ['colcon_pkg']
[0.500s] Level 1:colcon.colcon_core.package_identification:_identify(.) by extension 'colcon_pkg'
[0.500s] Level 1:colcon.colcon_core.package_identification:_identify(.) by extensions ['colcon_meta']
[0.500s] Level 1:colcon.colcon_core.package_identification:_identify(.) by extension 'colcon_meta'
[0.500s] Level 1:colcon.colcon_core.package_identification:_identify(.) by extensions ['ros']
[0.500s] Level 1:colcon.colcon_core.package_identification:_identify(.) by extension 'ros'
[0.521s] Level 1:colcon.colcon_core.package_identification:_identify(.) by extensions ['cmake', 'python']
[0.522s] Level 1:colcon.colcon_core.package_identification:_identify(.) by extension 'cmake'
[0.522s] Level 1:colcon.colcon_core.package_identification:_identify(.) by extension 'python'
[0.522s] Level 1:colcon.colcon_core.package_identification:_identify(.) by extensions ['python_setup_py']
[0.522s] Level 1:colcon.colcon_core.package_identification:_identify(.) by extension 'python_setup_py'
[0.522s] Level 1:colcon.colcon_core.package_identification:_identify(build) by extensions ['ignore', 'ignore_ament_install']
[0.522s] Level 1:colcon.colcon_core.package_identification:_identify(build) by extension 'ignore'
[0.523s] Level 1:colcon.colcon_core.package_identification:_identify(build) ignored
[0.523s] Level 1:colcon.colcon_core.package_identification:_identify(install) by extensions ['ignore', 'ignore_ament_install']
[0.523s] Level 1:colcon.colcon_core.package_identification:_identify(install) by extension 'ignore'
[0.523s] Level 1:colcon.colcon_core.package_identification:_identify(install) ignored
[0.523s] Level 1:colcon.colcon_core.package_identification:_identify(log) by extensions ['ignore', 'ignore_ament_install']
[0.523s] Level 1:colcon.colcon_core.package_identification:_identify(log) by extension 'ignore'
[0.524s] Level 1:colcon.colcon_core.package_identification:_identify(log) ignored
[0.524s] Level 1:colcon.colcon_core.package_identification:_identify(src) by extensions ['ignore', 'ignore_ament_install']
[0.524s] Level 1:colcon.colcon_core.package_identification:_identify(src) by extension 'ignore'
[0.524s] Level 1:colcon.colcon_core.package_identification:_identify(src) by extension 'ignore_ament_install'
[0.524s] Level 1:colcon.colcon_core.package_identification:_identify(src) by extensions ['colcon_pkg']
[0.524s] Level 1:colcon.colcon_core.package_identification:_identify(src) by extension 'colcon_pkg'
[0.524s] Level 1:colcon.colcon_core.package_identification:_identify(src) by extensions ['colcon_meta']
[0.524s] Level 1:colcon.colcon_core.package_identification:_identify(src) by extension 'colcon_meta'
[0.524s] Level 1:colcon.colcon_core.package_identification:_identify(src) by extensions ['ros']
[0.524s] Level 1:colcon.colcon_core.package_identification:_identify(src) by extension 'ros'
[0.525s] Level 1:colcon.colcon_core.package_identification:_identify(src) by extensions ['cmake', 'python']
[0.525s] Level 1:colcon.colcon_core.package_identification:_identify(src) by extension 'cmake'
[0.525s] Level 1:colcon.colcon_core.package_identification:_identify(src) by extension 'python'
[0.525s] Level 1:colcon.colcon_core.package_identification:_identify(src) by extensions ['python_setup_py']
[0.525s] Level 1:colcon.colcon_core.package_identification:_identify(src) by extension 'python_setup_py'
[0.525s] Level 1:colcon.colcon_core.package_identification:_identify(src/multi_camera_robot_nav) by extensions ['ignore', 'ignore_ament_install']
[0.525s] Level 1:colcon.colcon_core.package_identification:_identify(src/multi_camera_robot_nav) by extension 'ignore'
[0.525s] Level 1:colcon.colcon_core.package_identification:_identify(src/multi_camera_robot_nav) by extension 'ignore_ament_install'
[0.525s] Level 1:colcon.colcon_core.package_identification:_identify(src/multi_camera_robot_nav) by extensions ['colcon_pkg']
[0.526s] Level 1:colcon.colcon_core.package_identification:_identify(src/multi_camera_robot_nav) by extension 'colcon_pkg'
[0.526s] Level 1:colcon.colcon_core.package_identification:_identify(src/multi_camera_robot_nav) by extensions ['colcon_meta']
[0.526s] Level 1:colcon.colcon_core.package_identification:_identify(src/multi_camera_robot_nav) by extension 'colcon_meta'
[0.526s] Level 1:colcon.colcon_core.package_identification:_identify(src/multi_camera_robot_nav) by extensions ['ros']
[0.526s] Level 1:colcon.colcon_core.package_identification:_identify(src/multi_camera_robot_nav) by extension 'ros'
[0.532s] DEBUG:colcon.colcon_core.package_identification:Found ROS schema reference in package manifest in 'src/multi_camera_robot_nav'
[0.532s] WARNING:colcon.colcon_core.package_identification:Failed to parse ROS package manifest in 'src/multi_camera_robot_nav': Error(s) in package 'src/multi_camera_robot_nav/package.xml':
Invalid email "determ@local" for person "determ"
[0.532s] Level 1:colcon.colcon_core.package_identification:_identify(src/multi_camera_robot_nav) by extensions ['cmake', 'python']
[0.532s] Level 1:colcon.colcon_core.package_identification:_identify(src/multi_camera_robot_nav) by extension 'cmake'
[0.532s] Level 1:colcon.colcon_core.package_identification:_identify(src/multi_camera_robot_nav) by extension 'python'
[0.533s] DEBUG:colcon.colcon_core.package_identification:Python package in 'src/multi_camera_robot_nav' passes arguments to the setup() function which requires a different identification extension than 'python'
[0.533s] Level 1:colcon.colcon_core.package_identification:_identify(src/multi_camera_robot_nav) by extensions ['python_setup_py']
[0.533s] Level 1:colcon.colcon_core.package_identification:_identify(src/multi_camera_robot_nav) by extension 'python_setup_py'
[0.996s] DEBUG:colcon.colcon_core.package_identification:Package 'src/multi_camera_robot_nav' with type 'python' and name 'multi_camera_robot_nav'
[0.997s] Level 1:colcon.colcon_core.package_discovery:discover_packages(recursive) using defaults
[0.997s] Level 1:colcon.colcon_core.package_discovery:discover_packages(ignore) discover
[0.997s] Level 1:colcon.colcon_core.package_discovery:discover_packages(ignore) using defaults
[0.997s] Level 1:colcon.colcon_core.package_discovery:discover_packages(path) discover
[0.997s] Level 1:colcon.colcon_core.package_discovery:discover_packages(path) using defaults
[1.055s] Level 1:colcon.colcon_core.package_discovery:discover_packages(prefix_path) check parameters
[1.055s] Level 1:colcon.colcon_core.package_discovery:discover_packages(prefix_path) discover
[1.060s] DEBUG:colcon.colcon_installed_package_information.package_discovery:Found 332 installed packages in /opt/ros/humble
[1.062s] Level 1:colcon.colcon_core.package_discovery:discover_packages(prefix_path) using defaults
[1.138s] Level 5:colcon.colcon_core.verb:set package 'multi_camera_robot_nav' build argument 'cmake_args' from command line to 'None'
[1.138s] Level 5:colcon.colcon_core.verb:set package 'multi_camera_robot_nav' build argument 'cmake_target' from command line to 'None'
[1.138s] Level 5:colcon.colcon_core.verb:set package 'multi_camera_robot_nav' build argument 'cmake_target_skip_unavailable' from command line to 'False'
[1.138s] Level 5:colcon.colcon_core.verb:set package 'multi_camera_robot_nav' build argument 'cmake_clean_cache' from command line to 'False'
[1.138s] Level 5:colcon.colcon_core.verb:set package 'multi_camera_robot_nav' build argument 'cmake_clean_first' from command line to 'False'
[1.138s] Level 5:colcon.colcon_core.verb:set package 'multi_camera_robot_nav' build argument 'cmake_force_configure' from command line to 'False'
[1.138s] Level 5:colcon.colcon_core.verb:set package 'multi_camera_robot_nav' build argument 'ament_cmake_args' from command line to 'None'
[1.138s] Level 5:colcon.colcon_core.verb:set package 'multi_camera_robot_nav' build argument 'catkin_cmake_args' from command line to 'None'
[1.138s] Level 5:colcon.colcon_core.verb:set package 'multi_camera_robot_nav' build argument 'catkin_skip_building_tests' from command line to 'False'
[1.138s] DEBUG:colcon.colcon_core.verb:Building package 'multi_camera_robot_nav' with the following arguments: {'ament_cmake_args': None, 'build_base': '/home/determ/MultiCameraMakerTracking/ros2_ws/build/multi_camera_robot_nav', 'catkin_cmake_args': None, 'catkin_skip_building_tests': False, 'cmake_args': None, 'cmake_clean_cache': False, 'cmake_clean_first': False, 'cmake_force_configure': False, 'cmake_target': None, 'cmake_target_skip_unavailable': False, 'install_base': '/home/determ/MultiCameraMakerTracking/ros2_ws/install/multi_camera_robot_nav', 'merge_install': False, 'path': '/home/determ/MultiCameraMakerTracking/ros2_ws/src/multi_camera_robot_nav', 'symlink_install': False, 'test_result_base': None}
[1.139s] INFO:colcon.colcon_core.executor:Executing jobs using 'parallel' executor
[1.140s] DEBUG:colcon.colcon_parallel_executor.executor.parallel:run_until_complete
[1.141s] INFO:colcon.colcon_core.task.python.build:Building Python package in '/home/determ/MultiCameraMakerTracking/ros2_ws/src/multi_camera_robot_nav'
[1.145s] INFO:colcon.colcon_core.plugin_system:Skipping extension 'colcon_core.shell.bat': Not used on non-Windows systems
[1.145s] INFO:colcon.colcon_core.shell:Skip shell extension 'powershell' for command environment: Not usable outside of PowerShell
[1.145s] DEBUG:colcon.colcon_core.shell:Skip shell extension 'dsv' for command environment
[2.225s] DEBUG:colcon.colcon_core.event_handler.log_command:Invoking command in '/home/determ/MultiCameraMakerTracking/ros2_ws/src/multi_camera_robot_nav': PYTHONPATH=/home/determ/MultiCameraMakerTracking/ros2_ws/build/multi_camera_robot_nav/prefix_override:/usr/lib/python3/dist-packages/colcon_core/task/python/colcon_distutils_commands:/home/determ/MultiCameraMakerTracking/ros2_ws/install/multi_camera_robot_nav/lib/python3.10/site-packages:${PYTHONPATH} /usr/bin/python3 -W ignore:setup.py install is deprecated -W ignore:easy_install command is deprecated setup.py egg_info --egg-base ../../build/multi_camera_robot_nav build --build-base /home/determ/MultiCameraMakerTracking/ros2_ws/build/multi_camera_robot_nav/build install --record /home/determ/MultiCameraMakerTracking/ros2_ws/build/multi_camera_robot_nav/install.log --single-version-externally-managed install_data
[2.778s] DEBUG:colcon.colcon_core.event_handler.log_command:Invoked command in '/home/determ/MultiCameraMakerTracking/ros2_ws/src/multi_camera_robot_nav' returned '0': PYTHONPATH=/home/determ/MultiCameraMakerTracking/ros2_ws/build/multi_camera_robot_nav/prefix_override:/usr/lib/python3/dist-packages/colcon_core/task/python/colcon_distutils_commands:/home/determ/MultiCameraMakerTracking/ros2_ws/install/multi_camera_robot_nav/lib/python3.10/site-packages:${PYTHONPATH} /usr/bin/python3 -W ignore:setup.py install is deprecated -W ignore:easy_install command is deprecated setup.py egg_info --egg-base ../../build/multi_camera_robot_nav build --build-base /home/determ/MultiCameraMakerTracking/ros2_ws/build/multi_camera_robot_nav/build install --record /home/determ/MultiCameraMakerTracking/ros2_ws/build/multi_camera_robot_nav/install.log --single-version-externally-managed install_data
[2.785s] Level 1:colcon.colcon_core.environment:checking '/home/determ/MultiCameraMakerTracking/ros2_ws/install/multi_camera_robot_nav' for CMake module files
[2.787s] Level 1:colcon.colcon_core.environment:checking '/home/determ/MultiCameraMakerTracking/ros2_ws/install/multi_camera_robot_nav' for CMake config files
[2.790s] Level 1:colcon.colcon_core.environment:checking '/home/determ/MultiCameraMakerTracking/ros2_ws/install/multi_camera_robot_nav/lib'
[2.790s] Level 1:colcon.colcon_core.environment:checking '/home/determ/MultiCameraMakerTracking/ros2_ws/install/multi_camera_robot_nav/bin'
[2.791s] Level 1:colcon.colcon_core.environment:checking '/home/determ/MultiCameraMakerTracking/ros2_ws/install/multi_camera_robot_nav/lib/pkgconfig/multi_camera_robot_nav.pc'
[2.792s] Level 1:colcon.colcon_core.environment:checking '/home/determ/MultiCameraMakerTracking/ros2_ws/install/multi_camera_robot_nav/lib/python3.10/site-packages'
[2.792s] Level 1:colcon.colcon_core.shell:create_environment_hook('multi_camera_robot_nav', 'pythonpath')
[2.793s] INFO:colcon.colcon_core.shell:Creating environment hook '/home/determ/MultiCameraMakerTracking/ros2_ws/install/multi_camera_robot_nav/share/multi_camera_robot_nav/hook/pythonpath.ps1'
[2.795s] INFO:colcon.colcon_core.shell:Creating environment descriptor '/home/determ/MultiCameraMakerTracking/ros2_ws/install/multi_camera_robot_nav/share/multi_camera_robot_nav/hook/pythonpath.dsv'
[2.797s] INFO:colcon.colcon_core.shell:Creating environment hook '/home/determ/MultiCameraMakerTracking/ros2_ws/install/multi_camera_robot_nav/share/multi_camera_robot_nav/hook/pythonpath.sh'
[2.801s] Level 1:colcon.colcon_core.environment:checking '/home/determ/MultiCameraMakerTracking/ros2_ws/install/multi_camera_robot_nav/bin'
[2.801s] Level 1:colcon.colcon_core.environment:create_environment_scripts_only(multi_camera_robot_nav)
[2.802s] INFO:colcon.colcon_core.shell:Creating package script '/home/determ/MultiCameraMakerTracking/ros2_ws/install/multi_camera_robot_nav/share/multi_camera_robot_nav/package.ps1'
[2.805s] INFO:colcon.colcon_core.shell:Creating package descriptor '/home/determ/MultiCameraMakerTracking/ros2_ws/install/multi_camera_robot_nav/share/multi_camera_robot_nav/package.dsv'
[2.807s] INFO:colcon.colcon_core.shell:Creating package script '/home/determ/MultiCameraMakerTracking/ros2_ws/install/multi_camera_robot_nav/share/multi_camera_robot_nav/package.sh'
[2.810s] INFO:colcon.colcon_core.shell:Creating package script '/home/determ/MultiCameraMakerTracking/ros2_ws/install/multi_camera_robot_nav/share/multi_camera_robot_nav/package.bash'
[2.812s] INFO:colcon.colcon_core.shell:Creating package script '/home/determ/MultiCameraMakerTracking/ros2_ws/install/multi_camera_robot_nav/share/multi_camera_robot_nav/package.zsh'
[2.815s] Level 1:colcon.colcon_core.environment:create_file_with_runtime_dependencies(/home/determ/MultiCameraMakerTracking/ros2_ws/install/multi_camera_robot_nav/share/colcon-core/packages/multi_camera_robot_nav)
[2.816s] DEBUG:colcon.colcon_parallel_executor.executor.parallel:closing loop
[2.817s] DEBUG:colcon.colcon_parallel_executor.executor.parallel:loop closed
[2.817s] DEBUG:colcon.colcon_parallel_executor.executor.parallel:run_until_complete finished with '0'
[2.818s] DEBUG:colcon.colcon_core.event_reactor:joining thread
[2.835s] INFO:colcon.colcon_core.plugin_system:Skipping extension 'colcon_notification.desktop_notification.terminal_notifier': Not used on non-Darwin systems
[2.835s] INFO:colcon.colcon_core.plugin_system:Skipping extension 'colcon_notification.desktop_notification.win32': Not used on non-Windows systems
[2.835s] INFO:colcon.colcon_notification.desktop_notification:Sending desktop notification using 'notify2'
[2.878s] DEBUG:colcon.colcon_core.event_reactor:joined thread
[2.879s] INFO:colcon.colcon_core.shell:Creating prefix script '/home/determ/MultiCameraMakerTracking/ros2_ws/install/local_setup.ps1'
[2.883s] INFO:colcon.colcon_core.shell:Creating prefix util module '/home/determ/MultiCameraMakerTracking/ros2_ws/install/_local_setup_util_ps1.py'
[2.889s] INFO:colcon.colcon_core.shell:Creating prefix chain script '/home/determ/MultiCameraMakerTracking/ros2_ws/install/setup.ps1'
[2.892s] INFO:colcon.colcon_core.shell:Creating prefix script '/home/determ/MultiCameraMakerTracking/ros2_ws/install/local_setup.sh'
[2.894s] INFO:colcon.colcon_core.shell:Creating prefix util module '/home/determ/MultiCameraMakerTracking/ros2_ws/install/_local_setup_util_sh.py'
[2.896s] INFO:colcon.colcon_core.shell:Creating prefix chain script '/home/determ/MultiCameraMakerTracking/ros2_ws/install/setup.sh'
[2.900s] INFO:colcon.colcon_core.shell:Creating prefix script '/home/determ/MultiCameraMakerTracking/ros2_ws/install/local_setup.bash'
[2.902s] INFO:colcon.colcon_core.shell:Creating prefix chain script '/home/determ/MultiCameraMakerTracking/ros2_ws/install/setup.bash'
[2.905s] INFO:colcon.colcon_core.shell:Creating prefix script '/home/determ/MultiCameraMakerTracking/ros2_ws/install/local_setup.zsh'
[2.907s] INFO:colcon.colcon_core.shell:Creating prefix chain script '/home/determ/MultiCameraMakerTracking/ros2_ws/install/setup.zsh'
