[1.818s] Invoking command in '/home/determ/MultiCameraMakerTracking/ros2_ws/src/multi_camera_robot_nav': PYTHONPATH=/home/determ/MultiCameraMakerTracking/ros2_ws/build/multi_camera_robot_nav/prefix_override:/usr/lib/python3/dist-packages/colcon_core/task/python/colcon_distutils_commands:/home/determ/MultiCameraMakerTracking/ros2_ws/install/multi_camera_robot_nav/lib/python3.10/site-packages:${PYTHONPATH} /usr/bin/python3 -W ignore:setup.py install is deprecated -W ignore:easy_install command is deprecated setup.py egg_info --egg-base ../../build/multi_camera_robot_nav build --build-base /home/determ/MultiCameraMakerTracking/ros2_ws/build/multi_camera_robot_nav/build install --record /home/determ/MultiCameraMakerTracking/ros2_ws/build/multi_camera_robot_nav/install.log --single-version-externally-managed install_data
[2.431s] running egg_info
[2.433s] writing ../../build/multi_camera_robot_nav/multi_camera_robot_nav.egg-info/PKG-INFO
[2.435s] writing dependency_links to ../../build/multi_camera_robot_nav/multi_camera_robot_nav.egg-info/dependency_links.txt
[2.436s] writing entry points to ../../build/multi_camera_robot_nav/multi_camera_robot_nav.egg-info/entry_points.txt
[2.436s] writing requirements to ../../build/multi_camera_robot_nav/multi_camera_robot_nav.egg-info/requires.txt
[2.437s] writing top-level names to ../../build/multi_camera_robot_nav/multi_camera_robot_nav.egg-info/top_level.txt
[2.443s] reading manifest file '../../build/multi_camera_robot_nav/multi_camera_robot_nav.egg-info/SOURCES.txt'
[2.449s] writing manifest file '../../build/multi_camera_robot_nav/multi_camera_robot_nav.egg-info/SOURCES.txt'
[2.449s] running build
[2.449s] running build_py
[2.449s] running install
[2.450s] running install_lib
[2.457s] running install_data
[2.459s] copying config/nav2_params.yaml -> /home/determ/MultiCameraMakerTracking/ros2_ws/install/multi_camera_robot_nav/share/multi_camera_robot_nav/config
[2.462s] running install_egg_info
[2.469s] removing '/home/determ/MultiCameraMakerTracking/ros2_ws/install/multi_camera_robot_nav/lib/python3.10/site-packages/multi_camera_robot_nav-0.0.1-py3.10.egg-info' (and everything under it)
[2.471s] Copying ../../build/multi_camera_robot_nav/multi_camera_robot_nav.egg-info to /home/determ/MultiCameraMakerTracking/ros2_ws/install/multi_camera_robot_nav/lib/python3.10/site-packages/multi_camera_robot_nav-0.0.1-py3.10.egg-info
[2.481s] running install_scripts
[2.578s] Installing marker_tracker_node script to /home/determ/MultiCameraMakerTracking/ros2_ws/install/multi_camera_robot_nav/lib/multi_camera_robot_nav
[2.580s] Installing occupancy_grid_mapper_node script to /home/determ/MultiCameraMakerTracking/ros2_ws/install/multi_camera_robot_nav/lib/multi_camera_robot_nav
[2.580s] Installing point_cloud_stitcher_node script to /home/determ/MultiCameraMakerTracking/ros2_ws/install/multi_camera_robot_nav/lib/multi_camera_robot_nav
[2.583s] Installing simulation_bridge_node script to /home/determ/MultiCameraMakerTracking/ros2_ws/install/multi_camera_robot_nav/lib/multi_camera_robot_nav
[2.584s] Installing tf_broadcaster_node script to /home/determ/MultiCameraMakerTracking/ros2_ws/install/multi_camera_robot_nav/lib/multi_camera_robot_nav
[2.586s] writing list of installed files to '/home/determ/MultiCameraMakerTracking/ros2_ws/build/multi_camera_robot_nav/install.log'
[2.680s] Invoked command in '/home/determ/MultiCameraMakerTracking/ros2_ws/src/multi_camera_robot_nav' returned '0': PYTHONPATH=/home/determ/MultiCameraMakerTracking/ros2_ws/build/multi_camera_robot_nav/prefix_override:/usr/lib/python3/dist-packages/colcon_core/task/python/colcon_distutils_commands:/home/determ/MultiCameraMakerTracking/ros2_ws/install/multi_camera_robot_nav/lib/python3.10/site-packages:${PYTHONPATH} /usr/bin/python3 -W ignore:setup.py install is deprecated -W ignore:easy_install command is deprecated setup.py egg_info --egg-base ../../build/multi_camera_robot_nav build --build-base /home/determ/MultiCameraMakerTracking/ros2_ws/build/multi_camera_robot_nav/build install --record /home/determ/MultiCameraMakerTracking/ros2_ws/build/multi_camera_robot_nav/install.log --single-version-externally-managed install_data
