[1.086s] Invoking command in '/home/determ/MultiCameraMakerTracking/ros2_ws/src/multi_camera_robot_nav': PYTHONPATH=/home/determ/MultiCameraMakerTracking/ros2_ws/build/multi_camera_robot_nav/prefix_override:/usr/lib/python3/dist-packages/colcon_core/task/python/colcon_distutils_commands:/home/determ/MultiCameraMakerTracking/ros2_ws/install/multi_camera_robot_nav/lib/python3.10/site-packages:${PYTHONPATH} /usr/bin/python3 -W ignore:setup.py install is deprecated -W ignore:easy_install command is deprecated setup.py egg_info --egg-base ../../build/multi_camera_robot_nav build --build-base /home/determ/MultiCameraMakerTracking/ros2_ws/build/multi_camera_robot_nav/build install --record /home/determ/MultiCameraMakerTracking/ros2_ws/build/multi_camera_robot_nav/install.log --single-version-externally-managed install_data
[1.512s] running egg_info
[1.513s] creating ../../build/multi_camera_robot_nav/multi_camera_robot_nav.egg-info
[1.514s] writing ../../build/multi_camera_robot_nav/multi_camera_robot_nav.egg-info/PKG-INFO
[1.514s] writing dependency_links to ../../build/multi_camera_robot_nav/multi_camera_robot_nav.egg-info/dependency_links.txt
[1.514s] writing entry points to ../../build/multi_camera_robot_nav/multi_camera_robot_nav.egg-info/entry_points.txt
[1.515s] writing requirements to ../../build/multi_camera_robot_nav/multi_camera_robot_nav.egg-info/requires.txt
[1.515s] writing top-level names to ../../build/multi_camera_robot_nav/multi_camera_robot_nav.egg-info/top_level.txt
[1.515s] writing manifest file '../../build/multi_camera_robot_nav/multi_camera_robot_nav.egg-info/SOURCES.txt'
[1.518s] reading manifest file '../../build/multi_camera_robot_nav/multi_camera_robot_nav.egg-info/SOURCES.txt'
[1.519s] writing manifest file '../../build/multi_camera_robot_nav/multi_camera_robot_nav.egg-info/SOURCES.txt'
[1.520s] running build
[1.520s] running build_py
[1.521s] creating /home/determ/MultiCameraMakerTracking/ros2_ws/build/multi_camera_robot_nav/build
[1.521s] creating /home/determ/MultiCameraMakerTracking/ros2_ws/build/multi_camera_robot_nav/build/lib
[1.521s] creating /home/determ/MultiCameraMakerTracking/ros2_ws/build/multi_camera_robot_nav/build/lib/multi_camera_robot_nav
[1.522s] copying multi_camera_robot_nav/occupancy_grid_mapper_node.py -> /home/determ/MultiCameraMakerTracking/ros2_ws/build/multi_camera_robot_nav/build/lib/multi_camera_robot_nav
[1.522s] copying multi_camera_robot_nav/simulation_bridge_node.py -> /home/determ/MultiCameraMakerTracking/ros2_ws/build/multi_camera_robot_nav/build/lib/multi_camera_robot_nav
[1.522s] copying multi_camera_robot_nav/marker_tracker_node.py -> /home/determ/MultiCameraMakerTracking/ros2_ws/build/multi_camera_robot_nav/build/lib/multi_camera_robot_nav
[1.522s] copying multi_camera_robot_nav/point_cloud_stitcher_node.py -> /home/determ/MultiCameraMakerTracking/ros2_ws/build/multi_camera_robot_nav/build/lib/multi_camera_robot_nav
[1.523s] copying multi_camera_robot_nav/tf_broadcaster_node.py -> /home/determ/MultiCameraMakerTracking/ros2_ws/build/multi_camera_robot_nav/build/lib/multi_camera_robot_nav
[1.523s] copying multi_camera_robot_nav/__init__.py -> /home/determ/MultiCameraMakerTracking/ros2_ws/build/multi_camera_robot_nav/build/lib/multi_camera_robot_nav
[1.523s] running install
[1.523s] running install_lib
[1.524s] creating /home/determ/MultiCameraMakerTracking/ros2_ws/install/multi_camera_robot_nav/lib/python3.10/site-packages/multi_camera_robot_nav
[1.525s] copying /home/determ/MultiCameraMakerTracking/ros2_ws/build/multi_camera_robot_nav/build/lib/multi_camera_robot_nav/occupancy_grid_mapper_node.py -> /home/determ/MultiCameraMakerTracking/ros2_ws/install/multi_camera_robot_nav/lib/python3.10/site-packages/multi_camera_robot_nav
[1.525s] copying /home/determ/MultiCameraMakerTracking/ros2_ws/build/multi_camera_robot_nav/build/lib/multi_camera_robot_nav/simulation_bridge_node.py -> /home/determ/MultiCameraMakerTracking/ros2_ws/install/multi_camera_robot_nav/lib/python3.10/site-packages/multi_camera_robot_nav
[1.525s] copying /home/determ/MultiCameraMakerTracking/ros2_ws/build/multi_camera_robot_nav/build/lib/multi_camera_robot_nav/marker_tracker_node.py -> /home/determ/MultiCameraMakerTracking/ros2_ws/install/multi_camera_robot_nav/lib/python3.10/site-packages/multi_camera_robot_nav
[1.525s] copying /home/determ/MultiCameraMakerTracking/ros2_ws/build/multi_camera_robot_nav/build/lib/multi_camera_robot_nav/point_cloud_stitcher_node.py -> /home/determ/MultiCameraMakerTracking/ros2_ws/install/multi_camera_robot_nav/lib/python3.10/site-packages/multi_camera_robot_nav
[1.525s] copying /home/determ/MultiCameraMakerTracking/ros2_ws/build/multi_camera_robot_nav/build/lib/multi_camera_robot_nav/tf_broadcaster_node.py -> /home/determ/MultiCameraMakerTracking/ros2_ws/install/multi_camera_robot_nav/lib/python3.10/site-packages/multi_camera_robot_nav
[1.526s] copying /home/determ/MultiCameraMakerTracking/ros2_ws/build/multi_camera_robot_nav/build/lib/multi_camera_robot_nav/__init__.py -> /home/determ/MultiCameraMakerTracking/ros2_ws/install/multi_camera_robot_nav/lib/python3.10/site-packages/multi_camera_robot_nav
[1.527s] byte-compiling /home/determ/MultiCameraMakerTracking/ros2_ws/install/multi_camera_robot_nav/lib/python3.10/site-packages/multi_camera_robot_nav/occupancy_grid_mapper_node.py to occupancy_grid_mapper_node.cpython-310.pyc
[1.530s] byte-compiling /home/determ/MultiCameraMakerTracking/ros2_ws/install/multi_camera_robot_nav/lib/python3.10/site-packages/multi_camera_robot_nav/simulation_bridge_node.py to simulation_bridge_node.cpython-310.pyc
[1.532s] byte-compiling /home/determ/MultiCameraMakerTracking/ros2_ws/install/multi_camera_robot_nav/lib/python3.10/site-packages/multi_camera_robot_nav/marker_tracker_node.py to marker_tracker_node.cpython-310.pyc
[1.534s] byte-compiling /home/determ/MultiCameraMakerTracking/ros2_ws/install/multi_camera_robot_nav/lib/python3.10/site-packages/multi_camera_robot_nav/point_cloud_stitcher_node.py to point_cloud_stitcher_node.cpython-310.pyc
[1.537s] byte-compiling /home/determ/MultiCameraMakerTracking/ros2_ws/install/multi_camera_robot_nav/lib/python3.10/site-packages/multi_camera_robot_nav/tf_broadcaster_node.py to tf_broadcaster_node.cpython-310.pyc
[1.539s] byte-compiling /home/determ/MultiCameraMakerTracking/ros2_ws/install/multi_camera_robot_nav/lib/python3.10/site-packages/multi_camera_robot_nav/__init__.py to __init__.cpython-310.pyc
[1.539s] running install_data
[1.540s] creating /home/determ/MultiCameraMakerTracking/ros2_ws/install/multi_camera_robot_nav/share
[1.540s] creating /home/determ/MultiCameraMakerTracking/ros2_ws/install/multi_camera_robot_nav/share/ament_index
[1.541s] creating /home/determ/MultiCameraMakerTracking/ros2_ws/install/multi_camera_robot_nav/share/ament_index/resource_index
[1.541s] creating /home/determ/MultiCameraMakerTracking/ros2_ws/install/multi_camera_robot_nav/share/ament_index/resource_index/packages
[1.542s] copying resource/multi_camera_robot_nav -> /home/determ/MultiCameraMakerTracking/ros2_ws/install/multi_camera_robot_nav/share/ament_index/resource_index/packages
[1.542s] creating /home/determ/MultiCameraMakerTracking/ros2_ws/install/multi_camera_robot_nav/share/multi_camera_robot_nav
[1.542s] copying package.xml -> /home/determ/MultiCameraMakerTracking/ros2_ws/install/multi_camera_robot_nav/share/multi_camera_robot_nav
[1.542s] creating /home/determ/MultiCameraMakerTracking/ros2_ws/install/multi_camera_robot_nav/share/multi_camera_robot_nav/hook
[1.542s] copying hooks/ament_prefix_path.dsv.in -> /home/determ/MultiCameraMakerTracking/ros2_ws/install/multi_camera_robot_nav/share/multi_camera_robot_nav/hook
[1.542s] creating /home/determ/MultiCameraMakerTracking/ros2_ws/install/multi_camera_robot_nav/share/multi_camera_robot_nav/launch
[1.543s] copying launch/mapping.launch.py -> /home/determ/MultiCameraMakerTracking/ros2_ws/install/multi_camera_robot_nav/share/multi_camera_robot_nav/launch
[1.543s] copying launch/gazebo_simulation.launch.py -> /home/determ/MultiCameraMakerTracking/ros2_ws/install/multi_camera_robot_nav/share/multi_camera_robot_nav/launch
[1.543s] copying launch/marker_tracking.launch.py -> /home/determ/MultiCameraMakerTracking/ros2_ws/install/multi_camera_robot_nav/share/multi_camera_robot_nav/launch
[1.543s] copying launch/navigation.launch.py -> /home/determ/MultiCameraMakerTracking/ros2_ws/install/multi_camera_robot_nav/share/multi_camera_robot_nav/launch
[1.543s] copying launch/simulation.launch.py -> /home/determ/MultiCameraMakerTracking/ros2_ws/install/multi_camera_robot_nav/share/multi_camera_robot_nav/launch
[1.543s] creating /home/determ/MultiCameraMakerTracking/ros2_ws/install/multi_camera_robot_nav/share/multi_camera_robot_nav/config
[1.543s] copying config/nav2_params.yaml -> /home/determ/MultiCameraMakerTracking/ros2_ws/install/multi_camera_robot_nav/share/multi_camera_robot_nav/config
[1.544s] creating /home/determ/MultiCameraMakerTracking/ros2_ws/install/multi_camera_robot_nav/share/multi_camera_robot_nav/urdf
[1.544s] copying urdf/robot.urdf -> /home/determ/MultiCameraMakerTracking/ros2_ws/install/multi_camera_robot_nav/share/multi_camera_robot_nav/urdf
[1.544s] creating /home/determ/MultiCameraMakerTracking/ros2_ws/install/multi_camera_robot_nav/share/multi_camera_robot_nav/worlds
[1.544s] copying worlds/tracking_room.world -> /home/determ/MultiCameraMakerTracking/ros2_ws/install/multi_camera_robot_nav/share/multi_camera_robot_nav/worlds
[1.544s] running install_egg_info
[1.546s] Copying ../../build/multi_camera_robot_nav/multi_camera_robot_nav.egg-info to /home/determ/MultiCameraMakerTracking/ros2_ws/install/multi_camera_robot_nav/lib/python3.10/site-packages/multi_camera_robot_nav-0.0.1-py3.10.egg-info
[1.547s] running install_scripts
[1.583s] Installing marker_tracker_node script to /home/determ/MultiCameraMakerTracking/ros2_ws/install/multi_camera_robot_nav/lib/multi_camera_robot_nav
[1.583s] Installing occupancy_grid_mapper_node script to /home/determ/MultiCameraMakerTracking/ros2_ws/install/multi_camera_robot_nav/lib/multi_camera_robot_nav
[1.584s] Installing point_cloud_stitcher_node script to /home/determ/MultiCameraMakerTracking/ros2_ws/install/multi_camera_robot_nav/lib/multi_camera_robot_nav
[1.584s] Installing simulation_bridge_node script to /home/determ/MultiCameraMakerTracking/ros2_ws/install/multi_camera_robot_nav/lib/multi_camera_robot_nav
[1.584s] Installing tf_broadcaster_node script to /home/determ/MultiCameraMakerTracking/ros2_ws/install/multi_camera_robot_nav/lib/multi_camera_robot_nav
[1.585s] writing list of installed files to '/home/determ/MultiCameraMakerTracking/ros2_ws/build/multi_camera_robot_nav/install.log'
[1.640s] Invoked command in '/home/determ/MultiCameraMakerTracking/ros2_ws/src/multi_camera_robot_nav' returned '0': PYTHONPATH=/home/determ/MultiCameraMakerTracking/ros2_ws/build/multi_camera_robot_nav/prefix_override:/usr/lib/python3/dist-packages/colcon_core/task/python/colcon_distutils_commands:/home/determ/MultiCameraMakerTracking/ros2_ws/install/multi_camera_robot_nav/lib/python3.10/site-packages:${PYTHONPATH} /usr/bin/python3 -W ignore:setup.py install is deprecated -W ignore:easy_install command is deprecated setup.py egg_info --egg-base ../../build/multi_camera_robot_nav build --build-base /home/determ/MultiCameraMakerTracking/ros2_ws/build/multi_camera_robot_nav/build install --record /home/determ/MultiCameraMakerTracking/ros2_ws/build/multi_camera_robot_nav/install.log --single-version-externally-managed install_data
